<?xml version="1.0" encoding="UTF-8"?>
<testsuite name="AdjacencyListGraphTest" tests="5" skipped="0" failures="0" errors="0" timestamp="2025-10-14T12:08:04.222Z" hostname="TRINITY_LAPTOP" time="0.062">
  <properties/>
  <testcase name="addEdge()" classname="AdjacencyListGraphTest" time="0.052"/>
  <testcase name="addNode()" classname="AdjacencyListGraphTest" time="0.001"/>
  <testcase name="getNeighbours()" classname="AdjacencyListGraphTest" time="0.002"/>
  <testcase name="removeEdge()" classname="AdjacencyListGraphTest" time="0.001"/>
  <testcase name="removeNode()" classname="AdjacencyListGraphTest" time="0.001"/>
  <system-out><![CDATA[]]></system-out>
  <system-err><![CDATA[]]></system-err>
</testsuite>
