<?xml version="1.0" encoding="UTF-8"?>
<testsuite name="TopoSortTest" tests="4" skipped="0" failures="0" errors="0" timestamp="2025-10-14T12:08:04.354Z" hostname="TRINITY_LAPTOP" time="0.014">
  <properties/>
  <testcase name="sortIncidenceMatrixGraph()" classname="TopoSortTest" time="0.005"/>
  <testcase name="cycleGraph()" classname="TopoSortTest" time="0.003"/>
  <testcase name="sortAdjListGraph()" classname="TopoSortTest" time="0.002"/>
  <testcase name="sortAdjMatrixGraph()" classname="TopoSortTest" time="0.001"/>
  <system-out><![CDATA[]]></system-out>
  <system-err><![CDATA[]]></system-err>
</testsuite>
