<?xml version="1.0" encoding="UTF-8"?>
<testsuite name="AdjacencyMatrixGraphTest" tests="5" skipped="0" failures="0" errors="0" timestamp="2025-10-14T12:08:04.289Z" hostname="TRINITY_LAPTOP" time="0.009">
  <properties/>
  <testcase name="addEdge()" classname="AdjacencyMatrixGraphTest" time="0.002"/>
  <testcase name="addNode()" classname="AdjacencyMatrixGraphTest" time="0.001"/>
  <testcase name="getNeighbours()" classname="AdjacencyMatrixGraphTest" time="0.001"/>
  <testcase name="removeEdge()" classname="AdjacencyMatrixGraphTest" time="0.001"/>
  <testcase name="removeNode()" classname="AdjacencyMatrixGraphTest" time="0.001"/>
  <system-out><![CDATA[]]></system-out>
  <system-err><![CDATA[]]></system-err>
</testsuite>
