<?xml version="1.0" encoding="UTF-8"?>
<testsuite name="GraphFileReaderTest" tests="3" skipped="0" failures="0" errors="0" timestamp="2025-10-14T12:08:04.307Z" hostname="TRINITY_LAPTOP" time="0.008">
  <properties/>
  <testcase name="readAdjMatrixGraph()" classname="GraphFileReaderTest" time="0.003"/>
  <testcase name="readAdjListGraph()" classname="GraphFileReaderTest" time="0.001"/>
  <testcase name="readIncidenceMatrixGraph()" classname="GraphFileReaderTest" time="0.002"/>
  <system-out><![CDATA[]]></system-out>
  <system-err><![CDATA[]]></system-err>
</testsuite>
