<?xml version="1.0" encoding="UTF-8"?>
<testsuite name="IncidenceMatrixGraphTest" tests="5" skipped="0" failures="0" errors="0" timestamp="2025-10-14T12:08:04.328Z" hostname="TRINITY_LAPTOP" time="0.014">
  <properties/>
  <testcase name="addEdge()" classname="IncidenceMatrixGraphTest" time="0.001"/>
  <testcase name="addNode()" classname="IncidenceMatrixGraphTest" time="0.001"/>
  <testcase name="getNeighbours()" classname="IncidenceMatrixGraphTest" time="0.001"/>
  <testcase name="removeEdge()" classname="IncidenceMatrixGraphTest" time="0.001"/>
  <testcase name="removeNode()" classname="IncidenceMatrixGraphTest" time="0.001"/>
  <system-out><![CDATA[]]></system-out>
  <system-err><![CDATA[]]></system-err>
</testsuite>
